1518595189721	geckodriver	INFO	geckodriver 0.19.1
1518595189881	geckodriver	INFO	Listening on 127.0.0.1:56080
1518595192656	mozrunner::runner	INFO	Running command: "C:\\Program Files (x86)\\Mozilla Firefox\\firefox.exe" "-marionette" "-profile" "C:\\Users\\Abhishek\\AppData\\Local\\Temp\\rust_mozprofile.H96pBQ4CyIvD"
1518595195062	Marionette	INFO	Enabled via --marionette
Unable to read VR Path Registry from C:\Users\Abhishek\AppData\Local\openvr\openvrpaths.vrpath
[Parent 5364, Gecko_IOThread] WARNING: pipe error: 109: file z:/build/build/src/ipc/chromium/src/chrome/common/ipc_channel_win.cc, line 346
Unable to read VR Path Registry from C:\Users\Abhishek\AppData\Local\openvr\openvrpaths.vrpath
[Child 6484, Chrome_ChildThread] WARNING: pipe error: 109: file z:/build/build/src/ipc/chromium/src/chrome/common/ipc_channel_win.cc, line 346
[Child 6484, Chrome_ChildThread] WARNING: pipe error: 109: file z:/build/build/src/ipc/chromium/src/chrome/common/ipc_channel_win.cc, line 346
1518595201796	Marionette	INFO	Listening on port 56098
1518595202422	Marionette	WARN	TLS certificate errors will be ignored for this session
1518595202642	Marionette	DEBUG	Register listener.js for window 4294967297
1518595202700	Marionette	DEBUG	Received DOM event "beforeunload" for "about:blank"
1518595203303	Marionette	DEBUG	Received DOM event "pagehide" for "about:blank"
1518595203304	Marionette	DEBUG	Received DOM event "unload" for "about:blank"
1518595207956	Marionette	DEBUG	Received DOM event "DOMContentLoaded" for "https://www.flipkart.com/"
1518595209990	Marionette	DEBUG	Received DOM event "pageshow" for "https://www.flipkart.com/"
1518595220895	Marionette	DEBUG	Canceled page load listener because no navigation has been detected
Unable to read VR Path Registry from C:\Users\Abhishek\AppData\Local\openvr\openvrpaths.vrpath
[Child 5720, Chrome_ChildThread] WARNING: pipe error: 109: file z:/build/build/src/ipc/chromium/src/chrome/common/ipc_channel_win.cc, line 346
[Child 5720, Chrome_ChildThread] WARNING: pipe error: 109: file z:/build/build/src/ipc/chromium/src/chrome/common/ipc_channel_win.cc, line 346
[Parent 5364, Gecko_IOThread] WARNING: pipe error: 109: file z:/build/build/src/ipc/chromium/src/chrome/common/ipc_channel_win.cc, line 346
Unable to read VR Path Registry from C:\Users\Abhishek\AppData\Local\openvr\openvrpaths.vrpath
[Child 2532, Chrome_ChildThread] WARNING: pipe error: 109: file z:/build/build/src/ipc/chromium/src/chrome/common/ipc_channel_win.cc, line 346
*** UTM:SVC TimerManager:registerTimer called after profile-before-change notification. Ignoring timer registration for id: telemetry_modules_ping

###!!! [Child][MessageChannel::SendAndWait] Error: Channel error: cannot send/recv

