1543863318639	geckodriver	INFO	geckodriver 0.19.1
1543863318650	geckodriver	INFO	Listening on 127.0.0.1:49930
1543863321913	mozrunner::runner	INFO	Running command: "C:\\Program Files\\Mozilla Firefox\\firefox.exe" "-marionette" "-profile" "C:\\Users\\MANOJR~1\\AppData\\Local\\Temp\\rust_mozprofile.vFfR4QGyH0JI"
1543863325008	Marionette	DEBUG	Received observer notification profile-after-change
1543863325624	Marionette	DEBUG	Received observer notification toplevel-window-ready
1543863325916	Marionette	DEBUG	Received observer notification command-line-startup
1543863325917	Marionette	DEBUG	Received observer notification nsPref:changed
1543863325917	Marionette	DEBUG	Init aborted (running=false, enabled=true, finalUIStartup=false)
1543863327258	Marionette	DEBUG	Received observer notification toplevel-window-ready
[Child 10200, Chrome_ChildThread] WARNING: pipe error: 109: file z:/build/build/src/ipc/chromium/src/chrome/common/ipc_channel_win.cc, line 346
[Child 10200, Chrome_ChildThread] WARNING: pipe error: 109: file z:/build/build/src/ipc/chromium/src/chrome/common/ipc_channel_win.cc, line 346
1543863340382	Marionette	DEBUG	Received observer notification sessionstore-windows-restored
1543863340383	Marionette	DEBUG	Waiting for delayed startup...
1543863340857	Marionette	DEBUG	Setting recommended pref app.update.disabledForTesting to true
1543863340858	Marionette	DEBUG	Setting recommended pref security.turn_off_all_security_so_that_viruses_can_take_over_this_computer to true
1543863340859	Marionette	DEBUG	Setting recommended pref toolkit.cosmeticAnimations.enabled to false
1543863340860	Marionette	DEBUG	Setting recommended pref datareporting.policy.dataSubmissionPolicyAccepted to false
1543863340860	Marionette	DEBUG	Setting recommended pref dom.disable_beforeunload to true
1543863341381	Marionette	INFO	Listening on port 49938
1543863341381	Marionette	DEBUG	Remote service is active
1543863341973	Marionette	DEBUG	Accepted connection 0 from 127.0.0.1:49971
1543863342335	Marionette	TRACE	0 -> [0,1,"newSession",{"acceptInsecureCerts":true,"browserName":"firefox","capabilities":{"desiredCapabilities":{"acceptInsecureCerts":true,"browserName":"firefox"}}}]
1543863342337	Marionette	TRACE	0 <- [1,1,{"error":"unknown command","message":"newSession","stacktrace":"WebDriverError@chrome://marionette/content/error.js:178: ... et@chrome://marionette/content/server.js:245:8\n_onJSONObjectReady/<@chrome://marionette/content/transport.js:490:9\n"},null]
